#
# There is insufficient memory for the Java Runtime Environment to continue.
# Native memory allocation (mmap) failed to map 255852544 bytes for G1 virtual space
# Possible reasons:
#   The system is out of physical RAM or swap space
#   The process is running with CompressedOops enabled, and the Java Heap may be blocking the growth of the native heap
# Possible solutions:
#   Reduce memory load on the system
#   Increase physical memory or swap space
#   Check if swap backing store is full
#   Decrease Java heap size (-Xmx/-Xms)
#   Decrease number of Java threads
#   Decrease Java thread stack sizes (-Xss)
#   Set larger code cache with -XX:ReservedCodeCacheSize=
#   JVM is running with Zero Based Compressed Oops mode in which the Java heap is
#     placed in the first 32GB address space. The Java Heap base address is the
#     maximum limit for the native heap growth. Please use -XX:HeapBaseMinAddress
#     to set the Java Heap base and to place the Java Heap above 32GB virtual address.
# This output file may be truncated or incomplete.
#
#  Out of Memory Error (os_windows.cpp:3536), pid=9948, tid=12448
#
# JRE version:  (19.0.2+7) (build )
# Java VM: Java HotSpot(TM) 64-Bit Server VM (19.0.2+7-44, mixed mode, sharing, tiered, compressed oops, compressed class ptrs, g1 gc, windows-amd64)
# No core dump will be written. Minidumps are not enabled by default on client versions of Windows
#

---------------  S U M M A R Y ------------

Command Line: -javaagent:C:\Program Files\JetBrains\IntelliJ IDEA Community Edition 2022.2.3\lib\idea_rt.jar=58210:C:\Program Files\JetBrains\IntelliJ IDEA Community Edition 2022.2.3\bin -Dfile.encoding=UTF-8 -Dsun.stdout.encoding=UTF-8 -Dsun.stderr.encoding=UTF-8 Main

Host: AMD Ryzen 7 6800H with Radeon Graphics         , 16 cores, 15G,  Windows 11 , 64 bit Build 22621 (10.0.22621.1635)
Time: Wed May 10 22:55:55 2023 Arabic Standard Time elapsed time: 0.014079 seconds (0d 0h 0m 0s)

---------------  T H R E A D  ---------------

Current thread (0x000001ef6bf19420):  JavaThread "Unknown thread" [_thread_in_vm, id=12448, stack(0x0000001a83d00000,0x0000001a83e00000)]

Stack: [0x0000001a83d00000,0x0000001a83e00000]
Native frames: (J=compiled Java code, j=interpreted, Vv=VM code, C=native code)
V  [jvm.dll+0x6ee21a]
V  [jvm.dll+0x85765e]
V  [jvm.dll+0x85904e]
V  [jvm.dll+0x859703]
V  [jvm.dll+0x28298f]
V  [jvm.dll+0x6eb009]
V  [jvm.dll+0x6dfbaa]
V  [jvm.dll+0x3573f6]
V  [jvm.dll+0x35ee56]
V  [jvm.dll+0x3b541e]
V  [jvm.dll+0x3b564f]
V  [jvm.dll+0x32c9ea]
V  [jvm.dll+0x32d89e]
V  [jvm.dll+0x821780]
V  [jvm.dll+0x3c2661]
V  [jvm.dll+0x801f51]
V  [jvm.dll+0x44ae8f]
V  [jvm.dll+0x44c811]
C  [jli.dll+0x5287]
C  [ucrtbase.dll+0x29363]
C  [KERNEL32.DLL+0x126ad]
C  [ntdll.dll+0x5a9f8]


---------------  P R O C E S S  ---------------

Threads class SMR info:
_java_thread_list=0x00007ffe3fabd048, length=0, elements={
}

Java Threads: ( => current thread )

Other Threads:
  0x000001ef6bf88c20 WorkerThread "GC Thread#0" [stack: 0x0000001a83e00000,0x0000001a83f00000] [id=24228]
  0x000001ef6bf99280 ConcurrentGCThread "G1 Main Marker" [stack: 0x0000001a83f00000,0x0000001a84000000] [id=10548]
  0x000001ef6bf99cb0 WorkerThread "G1 Conc#0" [stack: 0x0000001a84000000,0x0000001a84100000] [id=15284]

[error occurred during error reporting (printing all threads), id 0xc0000005, EXCEPTION_ACCESS_VIOLATION (0xc0000005) at pc=0x00007ffe3f27d427]

VM state: not at safepoint (not fully initialized)

VM Mutex/Monitor currently owned by a thread:  ([mutex/lock_event])
[0x000001ef6bf15a50] Heap_lock - owner thread: 0x000001ef6bf19420

Heap address: 0x000000070c000000, size: 3904 MB, Compressed Oops mode: Zero based, Oop shift amount: 3

CDS archive(s) mapped at: [0x0000000000000000-0x0000000000000000-0x0000000000000000), size 0, SharedBaseAddress: 0x0000000800000000, ArchiveRelocationMode: 0.
Narrow klass base: 0x0000000000000000, Narrow klass shift: 0, Narrow klass range: 0x0

GC Precious Log:
 CardTable entry size: 512
 Card Set container configuration: InlinePtr #cards 4 size 8 Array Of Cards #cards 16 size 48 Howl #buckets 8 coarsen threshold 3686 Howl Bitmap #cards 512 size 80 coarsen threshold 460 Card regions per heap region 1 cards per card region 4096

Heap:
 garbage-first heap   total 0K, used 0K [0x000000070c000000, 0x0000000800000000)
  region size 2048K, 0 young (0K), 0 survivors (0K)

[error occurred during error reporting (printing heap information), id 0xc0000005, EXCEPTION_ACCESS_VIOLATION (0xc0000005) at pc=0x00007ffe3f686649]

GC Heap History (0 events):
No events

Dll operation events (1 events):
Event: 0.010 Loaded shared library C:\Program Files\Java\jdk-19\bin\java.dll

Deoptimization events (0 events):
No events

Classes loaded (0 events):
No events

Classes unloaded (0 events):
No events

Classes redefined (0 events):
No events

Internal exceptions (0 events):
No events

VM Operations (0 events):
No events

Events (0 events):
No events


Dynamic libraries:
0x00007ff699da0000 - 0x00007ff699db0000 	C:\Program Files\Java\jdk-19\bin\java.exe
0x00007ffe8b350000 - 0x00007ffe8b564000 	C:\WINDOWS\SYSTEM32\ntdll.dll
0x00007ffe89ef0000 - 0x00007ffe89fb2000 	C:\WINDOWS\System32\KERNEL32.DLL
0x00007ffe889b0000 - 0x00007ffe88d53000 	C:\WINDOWS\System32\KERNELBASE.dll
0x00007ffe88890000 - 0x00007ffe889a1000 	C:\WINDOWS\System32\ucrtbase.dll
0x00007ffe7f290000 - 0x00007ffe7f2ab000 	C:\Program Files\Java\jdk-19\bin\VCRUNTIME140.dll
0x00007ffe7b920000 - 0x00007ffe7b938000 	C:\Program Files\Java\jdk-19\bin\jli.dll
0x00007ffe8aeb0000 - 0x00007ffe8af5e000 	C:\WINDOWS\System32\ADVAPI32.dll
0x00007ffe8a800000 - 0x00007ffe8a8a7000 	C:\WINDOWS\System32\msvcrt.dll
0x00007ffe8a290000 - 0x00007ffe8a334000 	C:\WINDOWS\System32\sechost.dll
0x00007ffe89560000 - 0x00007ffe89677000 	C:\WINDOWS\System32\RPCRT4.dll
0x00007ffe8a8b0000 - 0x00007ffe8aa5b000 	C:\WINDOWS\System32\USER32.dll
0x00007ffe88d60000 - 0x00007ffe88d86000 	C:\WINDOWS\System32\win32u.dll
0x00007ffe71ce0000 - 0x00007ffe71f6e000 	C:\WINDOWS\WinSxS\amd64_microsoft.windows.common-controls_6595b64144ccf1df_6.0.22621.1635_none_270f70857386168e\COMCTL32.dll
0x00007ffe8aa60000 - 0x00007ffe8aa89000 	C:\WINDOWS\System32\GDI32.dll
0x00007ffe88770000 - 0x00007ffe88888000 	C:\WINDOWS\System32\gdi32full.dll
0x00007ffe88ff0000 - 0x00007ffe8908a000 	C:\WINDOWS\System32\msvcp_win.dll
0x00007ffe7f640000 - 0x00007ffe7f64a000 	C:\WINDOWS\SYSTEM32\VERSION.dll
0x00007ffe8a7c0000 - 0x00007ffe8a7f1000 	C:\WINDOWS\System32\IMM32.DLL
0x00007ffe7f190000 - 0x00007ffe7f19c000 	C:\Program Files\Java\jdk-19\bin\vcruntime140_1.dll
0x00007ffe77060000 - 0x00007ffe770ee000 	C:\Program Files\Java\jdk-19\bin\msvcp140.dll
0x00007ffe3ef40000 - 0x00007ffe3fc00000 	C:\Program Files\Java\jdk-19\bin\server\jvm.dll
0x00007ffe806c0000 - 0x00007ffe806f4000 	C:\WINDOWS\SYSTEM32\WINMM.dll
0x00007ffe633a0000 - 0x00007ffe633a9000 	C:\WINDOWS\SYSTEM32\WSOCK32.dll
0x00007ffe89340000 - 0x00007ffe893b1000 	C:\WINDOWS\System32\WS2_32.dll
0x00007ffe87780000 - 0x00007ffe87798000 	C:\WINDOWS\SYSTEM32\kernel.appcore.dll
0x00007ffe7cfa0000 - 0x00007ffe7cfaa000 	C:\Program Files\Java\jdk-19\bin\jimage.dll
0x00007ffe7e390000 - 0x00007ffe7e5be000 	C:\WINDOWS\SYSTEM32\DBGHELP.DLL
0x00007ffe8ab20000 - 0x00007ffe8aea9000 	C:\WINDOWS\System32\combase.dll
0x00007ffe893c0000 - 0x00007ffe89497000 	C:\WINDOWS\System32\OLEAUT32.dll
0x00007ffe7b260000 - 0x00007ffe7b292000 	C:\WINDOWS\SYSTEM32\dbgcore.DLL
0x00007ffe88d90000 - 0x00007ffe88e0b000 	C:\WINDOWS\System32\bcryptPrimitives.dll
0x00007ffe7aee0000 - 0x00007ffe7aeee000 	C:\Program Files\Java\jdk-19\bin\instrument.dll
0x00007ffe77420000 - 0x00007ffe77446000 	C:\Program Files\Java\jdk-19\bin\java.dll

dbghelp: loaded successfully - version: 4.0.5 - missing functions: none
symbol engine: initialized successfully - sym options: 0x614 - pdb path: .;C:\Program Files\Java\jdk-19\bin;C:\WINDOWS\SYSTEM32;C:\WINDOWS\WinSxS\amd64_microsoft.windows.common-controls_6595b64144ccf1df_6.0.22621.1635_none_270f70857386168e;C:\Program Files\Java\jdk-19\bin\server

VM Arguments:
jvm_args: -javaagent:C:\Program Files\JetBrains\IntelliJ IDEA Community Edition 2022.2.3\lib\idea_rt.jar=58210:C:\Program Files\JetBrains\IntelliJ IDEA Community Edition 2022.2.3\bin -Dfile.encoding=UTF-8 -Dsun.stdout.encoding=UTF-8 -Dsun.stderr.encoding=UTF-8 
java_command: Main
java_class_path (initial): C:\Users\BEST TECH\IdeaProjects\Restorant_Menu\out\production\Restaurant_Menu;C:\Users\BEST TECH\Downloads\flatlaf-3.1.1.jar;C:\Users\BEST TECH\Downloads\Compressed\sqljdbc_12.2\enu\mssql-jdbc-12.2.0.jre11.jar;C:\Users\BEST TECH\IdeaProjects\Restorant_Menu\lib\mysql-connector-j-8.0.33.jar
Launcher Type: SUN_STANDARD

[Global flags]
     intx CICompilerCount                          = 12                                        {product} {ergonomic}
     uint ConcGCThreads                            = 3                                         {product} {ergonomic}
     uint G1ConcRefinementThreads                  = 13                                        {product} {ergonomic}
   size_t G1HeapRegionSize                         = 2097152                                   {product} {ergonomic}
    uintx GCDrainStackTargetSize                   = 64                                        {product} {ergonomic}
   size_t InitialHeapSize                          = 255852544                                 {product} {ergonomic}
   size_t MarkStackSize                            = 4194304                                   {product} {ergonomic}
   size_t MaxHeapSize                              = 4093640704                                {product} {ergonomic}
   size_t MinHeapDeltaBytes                        = 2097152                                   {product} {ergonomic}
   size_t MinHeapSize                              = 8388608                                   {product} {ergonomic}
    uintx NonNMethodCodeHeapSize                   = 7602480                                {pd product} {ergonomic}
    uintx NonProfiledCodeHeapSize                  = 122027880                              {pd product} {ergonomic}
    uintx ProfiledCodeHeapSize                     = 122027880                              {pd product} {ergonomic}
    uintx ReservedCodeCacheSize                    = 251658240                              {pd product} {ergonomic}
     bool SegmentedCodeCache                       = true                                      {product} {ergonomic}
   size_t SoftMaxHeapSize                          = 4093640704                             {manageable} {ergonomic}
     bool UseCompressedClassPointers               = true                           {product lp64_product} {ergonomic}
     bool UseCompressedOops                        = true                           {product lp64_product} {ergonomic}
     bool UseG1GC                                  = true                                      {product} {ergonomic}
     bool UseLargePagesIndividualAllocation        = false                                  {pd product} {ergonomic}

Logging:
Log output configuration:
 #0: stdout all=warning uptime,level,tags foldmultilines=false
 #1: stderr all=off uptime,level,tags foldmultilines=false

Environment Variables:
PATH=C:\Program Files (x86)\VMware\VMware Player\bin\;C:\ProgramData\Oracle\Java\javapath;C:\Program Files\Common Files\Oracle\Java\javapath;C:\Program Files (x86)\Common Files\Oracle\Java\javapath;C:\WINDOWS\system32;C:\WINDOWS;C:\WINDOWS\System32\Wbem;C:\WINDOWS\System32\WindowsPowerShell\v1.0\;C:\WINDOWS\System32\OpenSSH\;C:\Program Files\MATLAB\R2013a\runtime\win64;C:\Program Files\MATLAB\R2013a\bin;C:\Program Files\Git\cmd;C:\Program Files\Azure Data Studio\bin;C:\Program Files (x86)\Microsoft SQL Server\160\Tools\Binn\;C:\Program Files\Microsoft SQL Server\160\Tools\Binn\;C:\Program Files\Microsoft SQL Server\Client SDK\ODBC\170\Tools\Binn\;C:\Program Files\Microsoft SQL Server\160\DTS\Binn\;C:\Program Files (x86)\Microsoft SQL Server\160\DTS\Binn\;C:\Users\BEST TECH\AppData\Local\Microsoft\WindowsApps;C:\Program Files\JetBrains\IntelliJ IDEA Community Edition 2022.2.3\bin;;C:\Program Files\Azure Data Studio\bin;C:\Users\BEST TECH\AppData\Local\Programs\MiKTeX\miktex\bin\x64\
USERNAME=meer
OS=Windows_NT
PROCESSOR_IDENTIFIER=AMD64 Family 25 Model 68 Stepping 1, AuthenticAMD
TMP=C:\Users\BESTTE~1\AppData\Local\Temp
TEMP=C:\Users\BESTTE~1\AppData\Local\Temp



---------------  S Y S T E M  ---------------

OS:
 Windows 11 , 64 bit Build 22621 (10.0.22621.1635)
OS uptime: 0 days 14:11 hours
Hyper-V role detected

CPU: total 16 (initial active 16) (16 cores per cpu, 2 threads per core) family 25 model 68 stepping 1 microcode 0x0, cx8, cmov, fxsr, ht, mmx, 3dnowpref, sse, sse2, sse3, ssse3, sse4a, sse4.1, sse4.2, popcnt, lzcnt, tsc, tscinvbit, avx, avx2, aes, clmul, bmi1, bmi2, adx, sha, fma, vzeroupper, clflush, clflushopt, hv, rdtscp, rdpid

Memory: 4k page, system-wide physical 15613M (281M free)
TotalPageFile size 62717M (AvailPageFile size 21M)
current process WorkingSet (physical memory assigned to process): 11M, peak: 11M
current process commit charge ("private bytes"): 71M, peak: 315M

vm_info: Java HotSpot(TM) 64-Bit Server VM (19.0.2+7-44) for windows-amd64 JRE (19.0.2+7-44), built on 2022-11-30T18:02:09Z by "mach5one" with MS VC++ 17.1 (VS2022)

END.
